2025-07-02 16:34:46,626 P1656 [INFO] ************************************************************
2025-07-02 16:34:46,626 P1656 [INFO] ConfigSet _OnInstanceBoot
2025-07-02 16:34:46,629 P1656 [INFO] ++++++++++++++++++++++++++++++++++++++++++++++++++++++++++++
2025-07-02 16:34:46,629 P1656 [INFO] Config AWSEBBaseConfig
2025-07-02 16:34:46,897 P1656 [INFO] ============================================================
2025-07-02 16:34:46,897 P1656 [INFO] Command clearbackupfiles
2025-07-02 16:34:46,908 P1656 [INFO] Completed successfully.
2025-07-02 16:34:46,912 P1656 [INFO] ++++++++++++++++++++++++++++++++++++++++++++++++++++++++++++
2025-07-02 16:34:46,912 P1656 [INFO] Config AWSEBCfnHupEndpointOverride
2025-07-02 16:34:46,912 P1656 [INFO] ============================================================
2025-07-02 16:34:46,913 P1656 [INFO] Command clearbackupfiles
2025-07-02 16:34:46,917 P1656 [INFO] Completed successfully.
2025-07-02 16:35:53,919 P1908 [INFO] ************************************************************
2025-07-02 16:35:53,919 P1908 [INFO] ConfigSet Infra-EmbeddedPreBuild
2025-07-02 16:35:53,921 P1908 [INFO] ++++++++++++++++++++++++++++++++++++++++++++++++++++++++++++
2025-07-02 16:35:53,921 P1908 [INFO] Config prebuild_0_studentperformance
2025-07-02 16:35:53,924 P1908 [INFO] ++++++++++++++++++++++++++++++++++++++++++++++++++++++++++++
2025-07-02 16:35:53,924 P1908 [INFO] Config prebuild_1_studentperformance
2025-07-02 16:35:56,080 P2015 [INFO] ************************************************************
2025-07-02 16:35:56,080 P2015 [INFO] ConfigSet Infra-EmbeddedPostBuild
2025-07-02 17:09:05,771 P3446 [INFO] ************************************************************
2025-07-02 17:09:05,771 P3446 [INFO] ConfigSet Infra-EmbeddedPreBuild
2025-07-02 17:30:29,208 P4258 [INFO] ************************************************************
2025-07-02 17:30:29,209 P4258 [INFO] ConfigSet Infra-EmbeddedPreBuild
2025-07-02 17:36:37,948 P4499 [INFO] ************************************************************
2025-07-02 17:36:37,948 P4499 [INFO] ConfigSet Infra-EmbeddedPreBuild
2025-07-02 17:41:32,891 P4671 [INFO] ************************************************************
2025-07-02 17:41:32,891 P4671 [INFO] ConfigSet Infra-EmbeddedPreBuild
