2025-07-02 16:34:50,116 [DEBUG] CloudFormation client initialized with endpoint https://cloudformation.us-east-1.amazonaws.com
2025-07-02 16:34:50,117 [DEBUG] SQS client initialized with endpoint https://sqs.us-east-1.amazonaws.com
2025-07-02 16:34:50,117 [DEBUG] CloudFormation client initialized with endpoint https://cloudformation.us-east-1.amazonaws.com
2025-07-02 16:34:50,117 [DEBUG] Enabled single threading mode.
2025-07-02 16:34:50,117 [DEBUG] Creating /var/lib/cfn-hup/data
2025-07-02 16:34:50,128 [INFO] No umask value specified in config file. Using the default one: 0o22
2025-07-02 16:34:50,179 [INFO] Pid: 1787
2025-07-02 16:34:50,540 [INFO] Refreshing listener credentials
2025-07-02 16:34:50,615 [INFO] Scheduling next credential refresh in 1800.0 seconds
2025-07-02 16:35:51,997 [WARNING] Timeout of 60 seconds breached
2025-07-02 16:35:51,998 [ERROR] Client-side timeout
Traceback (most recent call last):
  File "/usr/lib/python3.9/site-packages/cfnbootstrap/util.py", line 191, in _retry
    return f(*args, **kwargs)
  File "/usr/lib/python3.9/site-packages/cfnbootstrap/util.py", line 264, in _timeout
    raise TimeoutError(
cfnbootstrap.util.TimeoutError
2025-07-02 16:35:52,455 [INFO] Received command ElasticBeanstalkCommand-AWSEBAutoScalingGroup (invocation id: 930d14b5-a0c9-4598-97fe-da60971aafc3)
2025-07-02 16:35:52,455 [INFO] Running action for aws-eb-command-handler
2025-07-02 16:35:57,625 [INFO] Action for aws-eb-command-handler succeeded, returning SUCCESS
2025-07-02 16:39:58,052 [INFO] command processing is alive.
2025-07-02 16:44:58,468 [INFO] command processing is alive.
2025-07-02 16:49:58,883 [INFO] command processing is alive.
2025-07-02 16:54:59,379 [INFO] command processing is alive.
2025-07-02 16:59:59,804 [INFO] command processing is alive.
2025-07-02 17:04:51,995 [INFO] Refreshing listener credentials
2025-07-02 17:04:52,085 [INFO] Scheduling next credential refresh in 1799.0 seconds
2025-07-02 17:05:00,268 [INFO] command processing is alive.
2025-07-02 17:09:04,370 [INFO] Received command ElasticBeanstalkCommand-AWSEBAutoScalingGroup (invocation id: 0cb34d0e-9724-4fbe-b9a7-105dd5ee554f)
2025-07-02 17:09:04,370 [INFO] Running action for aws-eb-command-handler
2025-07-02 17:09:10,683 [INFO] Action for aws-eb-command-handler succeeded, returning SUCCESS
2025-07-02 17:10:10,848 [INFO] command processing is alive.
2025-07-02 17:15:11,269 [INFO] command processing is alive.
2025-07-02 17:20:11,696 [INFO] command processing is alive.
2025-07-02 17:25:12,133 [INFO] command processing is alive.
2025-07-02 17:30:12,588 [INFO] command processing is alive.
2025-07-02 17:30:27,315 [INFO] Received command ElasticBeanstalkCommand-AWSEBAutoScalingGroup (invocation id: fca0990f-4ba0-4552-9e6e-c3a5f32cd33a)
2025-07-02 17:30:27,315 [INFO] Running action for aws-eb-command-handler
2025-07-02 17:30:30,586 [INFO] Action for aws-eb-command-handler succeeded, returning SUCCESS
2025-07-02 17:34:51,085 [INFO] Refreshing listener credentials
2025-07-02 17:34:51,178 [INFO] Scheduling next credential refresh in 1799.0 seconds
2025-07-02 17:35:31,276 [INFO] command processing is alive.
2025-07-02 17:36:36,585 [INFO] Received command ElasticBeanstalkCommand-AWSEBAutoScalingGroup (invocation id: c468ecbd-452c-49d3-b507-4e5554139b14)
2025-07-02 17:36:36,586 [INFO] Running action for aws-eb-command-handler
2025-07-02 17:36:38,450 [INFO] Action for aws-eb-command-handler succeeded, returning SUCCESS
2025-07-02 17:40:38,832 [INFO] command processing is alive.
2025-07-02 17:41:31,503 [INFO] Received command ElasticBeanstalkCommand-AWSEBAutoScalingGroup (invocation id: f23bd679-252e-47a8-a457-8493699d3bc0)
2025-07-02 17:41:31,503 [INFO] Running action for aws-eb-command-handler
2025-07-02 17:41:35,851 [WARNING] Action for aws-eb-command-handler exited with -15, returning FAILURE
2025-07-02 17:41:35,838 [INFO] Shutting down cfn-hup with signal: 15
2025-07-02 17:41:36,908 [DEBUG] CloudFormation client initialized with endpoint https://cloudformation.us-east-1.amazonaws.com
2025-07-02 17:41:36,908 [DEBUG] SQS client initialized with endpoint https://sqs.us-east-1.amazonaws.com
2025-07-02 17:41:36,908 [DEBUG] CloudFormation client initialized with endpoint https://cloudformation.us-east-1.amazonaws.com
2025-07-02 17:41:36,908 [DEBUG] Enabled single threading mode.
2025-07-02 17:41:36,916 [INFO] No umask value specified in config file. Using the default one: 0o22
2025-07-02 17:41:36,971 [INFO] Pid: 4741
2025-07-02 17:41:37,047 [INFO] Refreshing listener credentials
2025-07-02 17:41:37,128 [INFO] Scheduling next credential refresh in 1799.0 seconds
2025-07-02 17:42:31,242 [INFO] Received command ElasticBeanstalkCommand-AWSEBAutoScalingGroup (invocation id: 1e900811-9dba-466b-a334-dd9dfcc610c5)
2025-07-02 17:42:31,242 [INFO] Running action for aws-eb-command-handler
