[2025-07-02T16:34:45Z] Started EB User Data
+ SLEEP_TIME=2
+ SLEEP_TIME_MAX=3600
+ true
+ curl https://elasticbeanstalk-platform-assets-us-east-1.s3.amazonaws.com/stalks/eb_python311_amazon_linux_2023_1.0.797.0_20250625232415/lib/UserDataScript.sh
  % Total    % Received % Xferd  Average Speed   Time    Time     Time  Current
                                 Dload  Upload   Total   Spent    Left  Speed
  0     0    0     0    0     0      0      0 --:--:-- --:--:-- --:--:--     0100  4838  100  4838    0     0  87914      0 --:--:-- --:--:-- --:--:-- 89592
+ RESULT=0
+ [[ 0 -ne 0 ]]
+ /bin/bash /tmp/ebbootstrap.sh 'https://cloudformation-waitcondition-us-east-1.s3.amazonaws.com/arn%3Aaws%3Acloudformation%3Aus-east-1%3A767397907698%3Astack/awseb-e-5vpprm3imf-stack/5c146f60-5762-11f0-8a54-0e58862d53e7/5c16b950-5762-11f0-8a54-0e58862d53e7/AWSEBInstanceLaunchWaitHandle?X-Amz-Algorithm=AWS4-HMAC-SHA256&X-Amz-Date=20250702T163404Z&X-Amz-SignedHeaders=host&X-Amz-Expires=86399&X-Amz-Credential=AKIA6L7Q4OWT3JRXU3BZ%2F20250702%2Fus-east-1%2Fs3%2Faws4_request&X-Amz-Signature=6373e4477fa7bcadf09b2e93093b0b15eab612c49b3df0e955ab4fd64cc3c6e3' arn:aws:cloudformation:us-east-1:767397907698:stack/awseb-e-5vpprm3imf-stack/5c146f60-5762-11f0-8a54-0e58862d53e7 a4ccd47f-2fd9-4f1f-bedd-11b23c55a4e2 https://elasticbeanstalk-health.us-east-1.amazonaws.com '' https://elasticbeanstalk-platform-assets-us-east-1.s3.amazonaws.com/stalks/eb_python311_amazon_linux_2023_1.0.797.0_20250625232415 us-east-1
[2025-07-02T16:34:46.057Z] Started EB Bootstrapping Script.
[2025-07-02T16:34:46.062Z] Received parameters:
 TARBALLS = 
 EB_GEMS = 
 SIGNAL_URL = https://cloudformation-waitcondition-us-east-1.s3.amazonaws.com/arn%3Aaws%3Acloudformation%3Aus-east-1%3A767397907698%3Astack/awseb-e-5vpprm3imf-stack/5c146f60-5762-11f0-8a54-0e58862d53e7/5c16b950-5762-11f0-8a54-0e58862d53e7/AWSEBInstanceLaunchWaitHandle?X-Amz-Algorithm=AWS4-HMAC-SHA256&X-Amz-Date=20250702T163404Z&X-Amz-SignedHeaders=host&X-Amz-Expires=86399&X-Amz-Credential=AKIA6L7Q4OWT3JRXU3BZ%2F20250702%2Fus-east-1%2Fs3%2Faws4_request&X-Amz-Signature=6373e4477fa7bcadf09b2e93093b0b15eab612c49b3df0e955ab4fd64cc3c6e3
 STACK_ID = arn:aws:cloudformation:us-east-1:767397907698:stack/awseb-e-5vpprm3imf-stack/5c146f60-5762-11f0-8a54-0e58862d53e7
 REGION = us-east-1
 GUID = 
 HEALTHD_GROUP_ID = a4ccd47f-2fd9-4f1f-bedd-11b23c55a4e2
 HEALTHD_ENDPOINT = https://elasticbeanstalk-health.us-east-1.amazonaws.com
 PROXY_SERVER = 
 HEALTHD_PROXY_LOG_LOCATION = 
 PLATFORM_ASSETS_URL = https://elasticbeanstalk-platform-assets-us-east-1.s3.amazonaws.com/stalks/eb_python311_amazon_linux_2023_1.0.797.0_20250625232415
[2025-07-02T16:34:46.068Z] engine url is set to https://elasticbeanstalk-platform-assets-us-east-1.s3.amazonaws.com/stalks/eb_python311_amazon_linux_2023_1.0.797.0_20250625232415/lib/platform-engine.zip
[2025-07-02T16:34:46.071Z] first init of instance.
[2025-07-02T16:34:46.074Z] Started executing cfn_init _OnInstanceBoot.
[2025-07-02T16:34:46.076Z] Running cfn-init ConfigSet: _OnInstanceBoot.
[2025-07-02T16:34:46.079Z] Using stack-id from userdata
[2025-07-02T16:34:46.957Z] Command Returned: 
[2025-07-02T16:34:46.961Z] Completed executing cfn_init.
[2025-07-02T16:34:46.965Z] finished _OnInstanceBoot
[2025-07-02T16:34:46.969Z] installing platform engine
2025-07-02 16:34:47 URL:https://elasticbeanstalk-platform-assets-us-east-1.s3.amazonaws.com/stalks/eb_python311_amazon_linux_2023_1.0.797.0_20250625232415/lib/platform-engine.zip [33307599/33307599] -> "/tmp/platform-engine.zip" [1]
[2025-07-02T16:34:48.102Z] executing platform engine. see /var/log/eb-engine.log.
[2025-07-02T16:34:49.800Z] Successfully bootstrapped instance.
[2025-07-02T16:34:49.805Z] Sending signal 0 to CFN wait condition https://cloudformation-waitcondition-us-east-1.s3.amazonaws.com/arn%3Aaws%3Acloudformation%3Aus-east-1%3A767397907698%3Astack/awseb-e-5vpprm3imf-stack/5c146f60-5762-11f0-8a54-0e58862d53e7/5c16b950-5762-11f0-8a54-0e58862d53e7/AWSEBInstanceLaunchWaitHandle?X-Amz-Algorithm=AWS4-HMAC-SHA256&X-Amz-Date=20250702T163404Z&X-Amz-SignedHeaders=host&X-Amz-Expires=86399&X-Amz-Credential=AKIA6L7Q4OWT3JRXU3BZ%2F20250702%2Fus-east-1%2Fs3%2Faws4_request&X-Amz-Signature=6373e4477fa7bcadf09b2e93093b0b15eab612c49b3df0e955ab4fd64cc3c6e3
CloudFormation signaled successfully with status SUCCESS
[2025-07-02T16:34:50.225Z] Tailing /var/log/eb-engine.log

******************* eb-engine taillog *******************
2025/07/02 16:34:48.936852 [INFO] 1001

2025/07/02 16:34:48.937121 [INFO] configure bundle log for healthd...
2025/07/02 16:34:48.937179 [INFO] Executing instruction: GetSetupProxyLog
2025/07/02 16:34:48.937242 [INFO] Skipping Install yum packages
2025/07/02 16:34:48.937247 [INFO] Skipping Install Python Bundle
2025/07/02 16:34:48.937251 [INFO] Skipping Configure Python site-packages
2025/07/02 16:34:48.937255 [INFO] Skipping Install Python Modules
2025/07/02 16:34:48.937258 [INFO] Skipping MarkBaked
2025/07/02 16:34:48.937263 [INFO] Instance has NOT been bootstrapped
2025/07/02 16:34:48.937265 [INFO] Executing instruction: TuneSystemSettings
2025/07/02 16:34:48.937267 [INFO] Starting TuneSystemSettings
2025/07/02 16:34:48.937270 [INFO] Instance has NOT been bootstrapped
2025/07/02 16:34:48.941764 [INFO] Executing instruction: GetSetupLogRotate
2025/07/02 16:34:48.941776 [INFO] Initialize LogRotate files and directories
2025/07/02 16:34:48.960392 [INFO] Instance has NOT been bootstrapped
2025/07/02 16:34:48.960407 [INFO] Executing instruction: BootstrapCFNHup
2025/07/02 16:34:48.960410 [INFO] Bootstrap cfn-hup
2025/07/02 16:34:48.962625 [INFO] Copying file /opt/elasticbeanstalk/config/private/aws-eb-command-handler.conf to /etc/cfn/hooks.d/aws-eb-command-handler.conf
2025/07/02 16:34:48.964765 [INFO] Executing instruction: StartCFNHup
2025/07/02 16:34:48.964774 [INFO] Start cfn-hup
2025/07/02 16:34:48.964791 [INFO] Running command: systemctl show -p PartOf cfn-hup.service
2025/07/02 16:34:48.978531 [INFO] cfn-hup is not registered with EB yet, registering it now
2025/07/02 16:34:48.978559 [INFO] Running command: systemctl show -p PartOf cfn-hup.service
2025/07/02 16:34:48.993514 [INFO] Running command: systemctl daemon-reload
2025/07/02 16:34:49.208836 [INFO] Running command: systemctl reset-failed
2025/07/02 16:34:49.220408 [INFO] Running command: systemctl is-enabled aws-eb.target
2025/07/02 16:34:49.228997 [INFO] Running command: systemctl enable aws-eb.target
2025/07/02 16:34:49.462146 [INFO] Running command: systemctl start aws-eb.target
2025/07/02 16:34:49.471889 [INFO] Running command: systemctl enable cfn-hup.service
2025/07/02 16:34:49.684349 [INFO] Created symlink /etc/systemd/system/multi-user.target.wants/cfn-hup.service → /etc/systemd/system/cfn-hup.service.

2025/07/02 16:34:49.684380 [INFO] Running command: systemctl is-active cfn-hup.service
2025/07/02 16:34:49.692879 [INFO] cfn-hup process is not running, starting it now
2025/07/02 16:34:49.692909 [INFO] Running command: systemctl show -p PartOf cfn-hup.service
2025/07/02 16:34:49.703892 [INFO] Running command: systemctl is-active cfn-hup.service
2025/07/02 16:34:49.712236 [INFO] Running command: systemctl start cfn-hup.service
2025/07/02 16:34:49.795487 [INFO] Instance has NOT been bootstrapped
2025/07/02 16:34:49.795507 [INFO] Executing instruction: SetupPublishLogCronjob
2025/07/02 16:34:49.795511 [INFO] Setup publish logs cron job...
2025/07/02 16:34:49.795516 [INFO] Copying file /opt/elasticbeanstalk/config/private/logtasks/cron/publishlogs to /etc/cron.d/publishlogs
2025/07/02 16:34:49.798011 [INFO] Instance has NOT been bootstrapped
2025/07/02 16:34:49.798025 [INFO] Executing instruction: MarkBootstrapped
2025/07/02 16:34:49.798028 [INFO] Starting MarkBootstrapped
2025/07/02 16:34:49.798033 [INFO] Instance has NOT been bootstrapped
2025/07/02 16:34:49.798128 [INFO] Marked instance as Bootstrapped
2025/07/02 16:34:49.798134 [INFO] Executing instruction: Save CFN Stack Info
2025/07/02 16:34:49.798198 [INFO] Executing cleanup logic
2025/07/02 16:34:49.798209 [INFO] Platform Engine finished execution on command: env-launch
******************* End of taillog *******************


[2025-07-02T16:34:50.235Z] Tailing /var/log/eb-tools.log

******************* eb-tools taillog *******************
***eb-tools is not available yet.***
******************* End of taillog *******************


[2025-07-02T16:34:50.238Z] Tailing /var/log/eb-hooks.log

******************* eb-hooks taillog *******************
***eb-hooks is not available yet.***
******************* End of taillog *******************


[2025-07-02T16:34:50.240Z] Tailing /var/log/cfn-init.log

******************* cfn-init taillog *******************
2025-07-02 16:34:46,616 [INFO] -----------------------Starting build-----------------------
2025-07-02 16:34:46,622 [INFO] Running configSets: _OnInstanceBoot
2025-07-02 16:34:46,625 [INFO] Running configSet _OnInstanceBoot
2025-07-02 16:34:46,628 [INFO] Running config AWSEBBaseConfig
2025-07-02 16:34:46,908 [INFO] Command clearbackupfiles succeeded
2025-07-02 16:34:46,912 [INFO] Running config AWSEBCfnHupEndpointOverride
2025-07-02 16:34:46,917 [INFO] Command clearbackupfiles succeeded
2025-07-02 16:34:46,918 [INFO] ConfigSets completed
2025-07-02 16:34:46,919 [INFO] -----------------------Build complete-----------------------
******************* End of taillog *******************


[2025-07-02T16:34:50.244Z] Tailing /var/log/cfn-hup.log

******************* cfn-hup taillog *******************
2025-07-02 16:34:50,116 [DEBUG] CloudFormation client initialized with endpoint https://cloudformation.us-east-1.amazonaws.com
2025-07-02 16:34:50,117 [DEBUG] SQS client initialized with endpoint https://sqs.us-east-1.amazonaws.com
2025-07-02 16:34:50,117 [DEBUG] CloudFormation client initialized with endpoint https://cloudformation.us-east-1.amazonaws.com
2025-07-02 16:34:50,117 [DEBUG] Enabled single threading mode.
2025-07-02 16:34:50,117 [DEBUG] Creating /var/lib/cfn-hup/data
2025-07-02 16:34:50,128 [INFO] No umask value specified in config file. Using the default one: 0o22
2025-07-02 16:34:50,179 [INFO] Pid: 1787
******************* End of taillog *******************


[2025-07-02T16:34:50.248Z] Completed EB Bootstrapping Script.
+ RESULT=0
+ [[ 0 -ne 0 ]]
+ exit 0
