2025/07/02 16:34:48.109529 [INFO] Starting...
2025/07/02 16:34:48.109573 [INFO] Starting EBPlatform-PlatformEngine
2025/07/02 16:34:48.109665 [INFO] reading event message file
2025/07/02 16:34:48.110008 [INFO] Engine received EB command userdata-exec

2025/07/02 16:34:48.115785 [INFO] Running command: /opt/aws/bin/cfn-get-metadata -s arn:aws:cloudformation:us-east-1:767397907698:stack/awseb-e-5vpprm3imf-stack/5c146f60-5762-11f0-8a54-0e58862d53e7 -r AWSEBAutoScalingGroup --region us-east-1
2025/07/02 16:34:48.416522 [INFO] Running command: /opt/aws/bin/cfn-get-metadata -s arn:aws:cloudformation:us-east-1:767397907698:stack/awseb-e-5vpprm3imf-stack/5c146f60-5762-11f0-8a54-0e58862d53e7 -r AWSEBBeanstalkMetadata --region us-east-1
2025/07/02 16:34:48.762613 [INFO] This is a workflow controlled instance.
2025/07/02 16:34:48.762695 [INFO] Engine command: (env-launch)

2025/07/02 16:34:48.763636 [INFO] Executing instruction: SyncClock
2025/07/02 16:34:48.763642 [INFO] Starting SyncClock
2025/07/02 16:34:48.763651 [INFO] Running command: /usr/bin/chronyc tracking
2025/07/02 16:34:48.767257 [INFO] Reference ID    : 00000000 ()
Stratum         : 0
Ref time (UTC)  : Thu Jan 01 00:00:00 1970
System time     : 0.000000000 seconds slow of NTP time
Last offset     : +0.000000000 seconds
RMS offset      : 0.000000000 seconds
Frequency       : 6.921 ppm slow
Residual freq   : +0.000 ppm
Skew            : 0.000 ppm
Root delay      : 1.000000000 seconds
Root dispersion : 1.000000000 seconds
Update interval : 0.0 seconds
Leap status     : Not synchronised

2025/07/02 16:34:48.767287 [INFO] Running command: /usr/bin/chronyc -a makestep
2025/07/02 16:34:48.770011 [INFO] 200 OK

2025/07/02 16:34:48.770087 [INFO] Skipping Configure OS
2025/07/02 16:34:48.770096 [INFO] Skipping LockRepo
2025/07/02 16:34:48.770101 [INFO] Skipping GenerateEBBanner
2025/07/02 16:34:48.770107 [INFO] Skipping Install Process Manager
2025/07/02 16:34:48.770112 [INFO] Skipping install syslog
2025/07/02 16:34:48.770117 [INFO] Skipping install cron
2025/07/02 16:34:48.770122 [INFO] Skipping install proxy
2025/07/02 16:34:48.770127 [INFO] Skipping installhealthd
2025/07/02 16:34:48.770133 [INFO] Skipping Install Log Streaming Manager
2025/07/02 16:34:48.770138 [INFO] Skipping install X-Ray
2025/07/02 16:34:48.770143 [INFO] Skipping install Third Party License
2025/07/02 16:34:48.770149 [INFO] Skipping install httpd
2025/07/02 16:34:48.770155 [INFO] Instance has NOT been bootstrapped
2025/07/02 16:34:48.770157 [INFO] Executing instruction: installSqsd
2025/07/02 16:34:48.770160 [INFO] This is a web server environment instance, skip install sqsd daemon ...
2025/07/02 16:34:48.770165 [INFO] Instance has NOT been bootstrapped
2025/07/02 16:34:48.770167 [INFO] Executing instruction: bootstraphealthd
2025/07/02 16:34:48.770170 [INFO] this is an enhanced health env ...
2025/07/02 16:34:48.770179 [INFO] bootstrap healthd....
2025/07/02 16:34:48.770189 [INFO] Running command: /usr/bin/id -u healthd || /usr/sbin/useradd --user-group healthd -s /sbin/nologin --create-home
2025/07/02 16:34:48.933016 [INFO] /usr/bin/id: ‘healthd’: no such user

2025/07/02 16:34:48.933413 [INFO] bootstrap healthd....
2025/07/02 16:34:48.933429 [INFO] Running command: /usr/bin/id -u healthd || /usr/sbin/useradd --user-group healthd -s /sbin/nologin --create-home
2025/07/02 16:34:48.936852 [INFO] 1001

2025/07/02 16:34:48.937121 [INFO] configure bundle log for healthd...
2025/07/02 16:34:48.937179 [INFO] Executing instruction: GetSetupProxyLog
2025/07/02 16:34:48.937242 [INFO] Skipping Install yum packages
2025/07/02 16:34:48.937247 [INFO] Skipping Install Python Bundle
2025/07/02 16:34:48.937251 [INFO] Skipping Configure Python site-packages
2025/07/02 16:34:48.937255 [INFO] Skipping Install Python Modules
2025/07/02 16:34:48.937258 [INFO] Skipping MarkBaked
2025/07/02 16:34:48.937263 [INFO] Instance has NOT been bootstrapped
2025/07/02 16:34:48.937265 [INFO] Executing instruction: TuneSystemSettings
2025/07/02 16:34:48.937267 [INFO] Starting TuneSystemSettings
2025/07/02 16:34:48.937270 [INFO] Instance has NOT been bootstrapped
2025/07/02 16:34:48.941764 [INFO] Executing instruction: GetSetupLogRotate
2025/07/02 16:34:48.941776 [INFO] Initialize LogRotate files and directories
2025/07/02 16:34:48.960392 [INFO] Instance has NOT been bootstrapped
2025/07/02 16:34:48.960407 [INFO] Executing instruction: BootstrapCFNHup
2025/07/02 16:34:48.960410 [INFO] Bootstrap cfn-hup
2025/07/02 16:34:48.962625 [INFO] Copying file /opt/elasticbeanstalk/config/private/aws-eb-command-handler.conf to /etc/cfn/hooks.d/aws-eb-command-handler.conf
2025/07/02 16:34:48.964765 [INFO] Executing instruction: StartCFNHup
2025/07/02 16:34:48.964774 [INFO] Start cfn-hup
2025/07/02 16:34:48.964791 [INFO] Running command: systemctl show -p PartOf cfn-hup.service
2025/07/02 16:34:48.978531 [INFO] cfn-hup is not registered with EB yet, registering it now
2025/07/02 16:34:48.978559 [INFO] Running command: systemctl show -p PartOf cfn-hup.service
2025/07/02 16:34:48.993514 [INFO] Running command: systemctl daemon-reload
2025/07/02 16:34:49.208836 [INFO] Running command: systemctl reset-failed
2025/07/02 16:34:49.220408 [INFO] Running command: systemctl is-enabled aws-eb.target
2025/07/02 16:34:49.228997 [INFO] Running command: systemctl enable aws-eb.target
2025/07/02 16:34:49.462146 [INFO] Running command: systemctl start aws-eb.target
2025/07/02 16:34:49.471889 [INFO] Running command: systemctl enable cfn-hup.service
2025/07/02 16:34:49.684349 [INFO] Created symlink /etc/systemd/system/multi-user.target.wants/cfn-hup.service → /etc/systemd/system/cfn-hup.service.

2025/07/02 16:34:49.684380 [INFO] Running command: systemctl is-active cfn-hup.service
2025/07/02 16:34:49.692879 [INFO] cfn-hup process is not running, starting it now
2025/07/02 16:34:49.692909 [INFO] Running command: systemctl show -p PartOf cfn-hup.service
2025/07/02 16:34:49.703892 [INFO] Running command: systemctl is-active cfn-hup.service
2025/07/02 16:34:49.712236 [INFO] Running command: systemctl start cfn-hup.service
2025/07/02 16:34:49.795487 [INFO] Instance has NOT been bootstrapped
2025/07/02 16:34:49.795507 [INFO] Executing instruction: SetupPublishLogCronjob
2025/07/02 16:34:49.795511 [INFO] Setup publish logs cron job...
2025/07/02 16:34:49.795516 [INFO] Copying file /opt/elasticbeanstalk/config/private/logtasks/cron/publishlogs to /etc/cron.d/publishlogs
2025/07/02 16:34:49.798011 [INFO] Instance has NOT been bootstrapped
2025/07/02 16:34:49.798025 [INFO] Executing instruction: MarkBootstrapped
2025/07/02 16:34:49.798028 [INFO] Starting MarkBootstrapped
2025/07/02 16:34:49.798033 [INFO] Instance has NOT been bootstrapped
2025/07/02 16:34:49.798128 [INFO] Marked instance as Bootstrapped
2025/07/02 16:34:49.798134 [INFO] Executing instruction: Save CFN Stack Info
2025/07/02 16:34:49.798198 [INFO] Executing cleanup logic
2025/07/02 16:34:49.798209 [INFO] Platform Engine finished execution on command: env-launch

2025/07/02 16:35:52.462942 [INFO] Starting...
2025/07/02 16:35:52.462997 [INFO] Starting EBPlatform-PlatformEngine
2025/07/02 16:35:52.463031 [INFO] reading event message file
2025/07/02 16:35:52.463326 [INFO] Engine received EB command cfn-hup-exec

2025/07/02 16:35:52.545614 [INFO] Running command: /opt/aws/bin/cfn-get-metadata -s arn:aws:cloudformation:us-east-1:767397907698:stack/awseb-e-5vpprm3imf-stack/5c146f60-5762-11f0-8a54-0e58862d53e7 -r AWSEBAutoScalingGroup --region us-east-1
2025/07/02 16:35:52.880230 [INFO] Running command: /opt/aws/bin/cfn-get-metadata -s arn:aws:cloudformation:us-east-1:767397907698:stack/awseb-e-5vpprm3imf-stack/5c146f60-5762-11f0-8a54-0e58862d53e7 -r AWSEBBeanstalkMetadata --region us-east-1
2025/07/02 16:35:53.187517 [INFO] checking whether command app-deploy is applicable to this instance...
2025/07/02 16:35:53.187530 [INFO] this command is applicable to the instance, thus instance should execute command
2025/07/02 16:35:53.187532 [INFO] Engine command: (app-deploy)

2025/07/02 16:35:53.187536 [INFO] Downloading EB Application...
2025/07/02 16:35:53.187539 [INFO] Region: us-east-1
2025/07/02 16:35:53.187541 [INFO] envID: e-5vpprm3imf
2025/07/02 16:35:53.187547 [INFO] envBucket: elasticbeanstalk-us-east-1-767397907698
2025/07/02 16:35:53.187549 [INFO] accountID: 767397907698
2025/07/02 16:35:53.187552 [INFO] Using manifest file name from command request
2025/07/02 16:35:53.187557 [INFO] Unable to get version manifest file.
2025/07/02 16:35:53.187559 [INFO] Downloading latest manifest available.
2025/07/02 16:35:53.187561 [INFO] Download latest app version manifest
2025/07/02 16:35:53.187688 [INFO] resources/environments/e-5vpprm3imf/_runtime/versions/manifest
2025/07/02 16:35:53.226266 [INFO] latestManifest key *: resources/environments/e-5vpprm3imf/_runtime/versions/manifest_1751474040690

2025/07/02 16:35:53.226507 [INFO] Downloading: bucket: elasticbeanstalk-us-east-1-767397907698, object: resources/environments/e-5vpprm3imf/_runtime/versions/manifest_1751474040690, expected bucket owner: 767397907698
2025/07/02 16:35:53.262039 [INFO] Download successful49bytes downloaded
2025/07/02 16:35:53.262156 [INFO] Trying to read and parse version manifest...
2025/07/02 16:35:53.262179 [INFO] Downloading file with path: /opt/elasticbeanstalk/deployment/app_source_bundle
2025/07/02 16:35:53.262233 [INFO] URL: https://elasticbeanstalk-platform-assets-us-east-1.s3.amazonaws.com/stalks/eb_python311_amazon_linux_2023_1.0.797.0_20250625232415/sampleapp/EBSampleApp-Python.zip
2025/07/02 16:35:53.326228 [INFO] Finished download file from https://elasticbeanstalk-platform-assets-us-east-1.s3.amazonaws.com/stalks/eb_python311_amazon_linux_2023_1.0.797.0_20250625232415/sampleapp/EBSampleApp-Python.zip
2025/07/02 16:35:53.326531 [INFO] Executing instruction: ElectLeader
2025/07/02 16:35:53.326537 [INFO] Running leader election for instance i-03311ff47c39ee68b...
2025/07/02 16:35:53.326540 [INFO] Calling the cfn-elect-cmd-leader to elect the command leader.
2025/07/02 16:35:53.326552 [INFO] Running command: /opt/aws/bin/cfn-elect-cmd-leader --stack arn:aws:cloudformation:us-east-1:767397907698:stack/awseb-e-5vpprm3imf-stack/5c146f60-5762-11f0-8a54-0e58862d53e7 --command-name ElasticBeanstalkCommand-AWSEBAutoScalingGroup --invocation-id 930d14b5-a0c9-4598-97fe-da60971aafc3 --listener-id i-03311ff47c39ee68b --region us-east-1
2025/07/02 16:35:53.632658 [INFO] Instance is Leader.
2025/07/02 16:35:53.632717 [INFO] Executing instruction: stopSqsd
2025/07/02 16:35:53.632723 [INFO] This is a web server environment instance, skip stop sqsd daemon ...
2025/07/02 16:35:53.632727 [INFO] Executing instruction: PreBuildEbExtension
2025/07/02 16:35:53.632731 [INFO] Starting executing the config set Infra-EmbeddedPreBuild.
2025/07/02 16:35:53.632744 [INFO] Running command: /opt/aws/bin/cfn-init -s arn:aws:cloudformation:us-east-1:767397907698:stack/awseb-e-5vpprm3imf-stack/5c146f60-5762-11f0-8a54-0e58862d53e7 -r AWSEBAutoScalingGroup --region us-east-1 --configsets Infra-EmbeddedPreBuild
2025/07/02 16:35:53.956263 [INFO] Finished executing the config set Infra-EmbeddedPreBuild.

2025/07/02 16:35:53.956284 [INFO] Executing instruction: StageApplication
2025/07/02 16:35:53.956288 [INFO] Recreating /var/app/staging/
2025/07/02 16:35:53.956932 [INFO] extracting /opt/elasticbeanstalk/deployment/app_source_bundle to /var/app/staging/
2025/07/02 16:35:53.956947 [INFO] Running command: /usr/bin/unzip -q -o /opt/elasticbeanstalk/deployment/app_source_bundle -d /var/app/staging/
2025/07/02 16:35:53.960435 [INFO] finished extracting /opt/elasticbeanstalk/deployment/app_source_bundle to /var/app/staging/ successfully
2025/07/02 16:35:53.960954 [INFO] Executing instruction: RunAppDeployPreBuildHooks
2025/07/02 16:35:53.961006 [INFO] Executing platform hooks in .platform/hooks/prebuild/
2025/07/02 16:35:53.961021 [INFO] The dir .platform/hooks/prebuild/ does not exist
2025/07/02 16:35:53.961024 [INFO] Finished running scripts in /var/app/staging/.platform/hooks/prebuild
2025/07/02 16:35:53.961028 [INFO] Executing instruction: InstallDependency
2025/07/02 16:35:53.961033 [INFO] checking dependencies file
2025/07/02 16:35:53.961044 [INFO] No dependency file found
2025/07/02 16:35:53.961047 [INFO] Executing instruction: check Procfile
2025/07/02 16:35:53.961067 [INFO] creating default Procfile...
2025/07/02 16:35:53.961123 [INFO] Executing instruction: configure X-Ray
2025/07/02 16:35:53.961126 [INFO] X-Ray is not enabled.
2025/07/02 16:35:53.961129 [INFO] Executing instruction: configure proxy server
2025/07/02 16:35:53.961137 [INFO] Recreating /var/proxy/staging/nginx
2025/07/02 16:35:53.967682 [INFO] Executing instruction: configure healthd specific proxy conf
2025/07/02 16:35:53.969376 [INFO] Running command: systemctl show -p PartOf healthd.service
2025/07/02 16:35:53.982693 [INFO] Running command: systemctl daemon-reload
2025/07/02 16:35:54.263898 [INFO] Running command: systemctl reset-failed
2025/07/02 16:35:54.272470 [INFO] Running command: systemctl is-enabled aws-eb.target
2025/07/02 16:35:54.280174 [INFO] Running command: systemctl enable aws-eb.target
2025/07/02 16:35:54.520495 [INFO] Running command: systemctl start aws-eb.target
2025/07/02 16:35:54.529106 [INFO] Running command: systemctl enable healthd.service
2025/07/02 16:35:54.782494 [INFO] Created symlink /etc/systemd/system/multi-user.target.wants/healthd.service → /etc/systemd/system/healthd.service.

2025/07/02 16:35:54.782531 [INFO] Running command: systemctl show -p PartOf healthd.service
2025/07/02 16:35:54.793857 [INFO] Running command: systemctl is-active healthd.service
2025/07/02 16:35:54.801351 [INFO] Running command: systemctl start healthd.service
2025/07/02 16:35:54.873363 [INFO] Copying file /opt/elasticbeanstalk/config/private/healthd/healthd_logformat.conf to /var/proxy/staging/nginx/conf.d/healthd_logformat.conf
2025/07/02 16:35:54.874713 [INFO] Copying file /opt/elasticbeanstalk/config/private/healthd/healthd_nginx.conf to /var/proxy/staging/nginx/conf.d/elasticbeanstalk/healthd.conf
2025/07/02 16:35:54.875774 [INFO] Executing instruction: configure log streaming
2025/07/02 16:35:54.875783 [INFO] log streaming is not enabled
2025/07/02 16:35:54.875786 [INFO] disable log stream
2025/07/02 16:35:54.875801 [INFO] Running command: systemctl show -p PartOf amazon-cloudwatch-agent.service
2025/07/02 16:35:54.889262 [INFO] Running command: systemctl stop amazon-cloudwatch-agent.service
2025/07/02 16:35:54.901370 [INFO] Executing instruction: GetToggleForceRotate
2025/07/02 16:35:54.901390 [INFO] Checking if logs need forced rotation
2025/07/02 16:35:54.901406 [INFO] Running command: /opt/aws/bin/cfn-get-metadata -s arn:aws:cloudformation:us-east-1:767397907698:stack/awseb-e-5vpprm3imf-stack/5c146f60-5762-11f0-8a54-0e58862d53e7 -r AWSEBAutoScalingGroup --region us-east-1
2025/07/02 16:35:55.266755 [INFO] Running command: /opt/aws/bin/cfn-get-metadata -s arn:aws:cloudformation:us-east-1:767397907698:stack/awseb-e-5vpprm3imf-stack/5c146f60-5762-11f0-8a54-0e58862d53e7 -r AWSEBBeanstalkMetadata --region us-east-1
2025/07/02 16:35:55.644804 [INFO] Generating rsyslog config from Procfile
2025/07/02 16:35:55.646993 [INFO] Running command: systemctl restart rsyslog.service
2025/07/02 16:35:55.795799 [INFO] Executing instruction: PostBuildEbExtension
2025/07/02 16:35:55.795826 [INFO] Starting executing the config set Infra-EmbeddedPostBuild.
2025/07/02 16:35:55.795837 [INFO] Running command: /opt/aws/bin/cfn-init -s arn:aws:cloudformation:us-east-1:767397907698:stack/awseb-e-5vpprm3imf-stack/5c146f60-5762-11f0-8a54-0e58862d53e7 -r AWSEBAutoScalingGroup --region us-east-1 --configsets Infra-EmbeddedPostBuild
2025/07/02 16:35:56.110345 [INFO] Finished executing the config set Infra-EmbeddedPostBuild.

2025/07/02 16:35:56.110370 [INFO] Executing instruction: CleanEbExtensions
2025/07/02 16:35:56.110480 [INFO] Cleaned ebextensions subdirectories from app staging directory.
2025/07/02 16:35:56.110484 [INFO] Executing instruction: RunAppDeployPreDeployHooks
2025/07/02 16:35:56.110498 [INFO] Executing platform hooks in .platform/hooks/predeploy/
2025/07/02 16:35:56.110510 [INFO] The dir .platform/hooks/predeploy/ does not exist
2025/07/02 16:35:56.110512 [INFO] Finished running scripts in /var/app/staging/.platform/hooks/predeploy
2025/07/02 16:35:56.110517 [INFO] Executing instruction: stop X-Ray
2025/07/02 16:35:56.110526 [INFO] stop X-Ray ...
2025/07/02 16:35:56.110534 [INFO] Running command: systemctl show -p PartOf xray.service
2025/07/02 16:35:56.124425 [WARN] stopProcess Warning: process xray is not registered 
2025/07/02 16:35:56.124452 [INFO] Running command: systemctl stop xray.service
2025/07/02 16:35:56.136776 [INFO] Executing instruction: stop proxy
2025/07/02 16:35:56.136821 [INFO] Running command: systemctl show -p PartOf httpd.service
2025/07/02 16:35:56.152744 [WARN] deregisterProcess Warning: process httpd is not registered, skipping...

2025/07/02 16:35:56.152772 [INFO] Running command: systemctl show -p PartOf nginx.service
2025/07/02 16:35:56.166303 [WARN] deregisterProcess Warning: process nginx is not registered, skipping...

2025/07/02 16:35:56.166325 [INFO] Executing instruction: FlipApplication
2025/07/02 16:35:56.166329 [INFO] Fetching environment variables...
2025/07/02 16:35:56.166497 [INFO] Purge old process...
2025/07/02 16:35:56.166511 [INFO] Removing /var/app/current/ if it exists
2025/07/02 16:35:56.166520 [INFO] Renaming /var/app/staging/ to /var/app/current/
2025/07/02 16:35:56.166535 [INFO] Register application processes...
2025/07/02 16:35:56.166538 [INFO] Registering the proc: web

2025/07/02 16:35:56.166546 [INFO] Running command: systemctl show -p PartOf web.service
2025/07/02 16:35:56.178490 [INFO] Running command: systemctl daemon-reload
2025/07/02 16:35:56.432346 [INFO] Running command: systemctl reset-failed
2025/07/02 16:35:56.439995 [INFO] Running command: systemctl is-enabled eb-app.target
2025/07/02 16:35:56.448307 [INFO] Copying file /opt/elasticbeanstalk/config/private/aws-eb.target to /etc/systemd/system/eb-app.target
2025/07/02 16:35:56.449731 [INFO] Running command: systemctl enable eb-app.target
2025/07/02 16:35:56.730679 [INFO] Created symlink /etc/systemd/system/multi-user.target.wants/eb-app.target → /etc/systemd/system/eb-app.target.

2025/07/02 16:35:56.730716 [INFO] Running command: systemctl start eb-app.target
2025/07/02 16:35:56.739500 [INFO] Running command: systemctl enable web.service
2025/07/02 16:35:56.990325 [INFO] Created symlink /etc/systemd/system/multi-user.target.wants/web.service → /etc/systemd/system/web.service.

2025/07/02 16:35:56.990362 [INFO] Running command: systemctl show -p PartOf web.service
2025/07/02 16:35:57.001286 [INFO] Running command: systemctl is-active web.service
2025/07/02 16:35:57.008791 [INFO] Running command: systemctl start web.service
2025/07/02 16:35:57.054581 [INFO] Executing instruction: start X-Ray
2025/07/02 16:35:57.054600 [INFO] X-Ray is not enabled.
2025/07/02 16:35:57.054606 [INFO] Executing instruction: start proxy with new configuration
2025/07/02 16:35:57.054628 [INFO] Running command: /usr/sbin/nginx -t -c /var/proxy/staging/nginx/nginx.conf
2025/07/02 16:35:57.118330 [INFO] nginx: [warn] could not build optimal types_hash, you should increase either types_hash_max_size: 1024 or types_hash_bucket_size: 64; ignoring types_hash_bucket_size
nginx: the configuration file /var/proxy/staging/nginx/nginx.conf syntax is ok
nginx: configuration file /var/proxy/staging/nginx/nginx.conf test is successful

2025/07/02 16:35:57.118498 [INFO] Running command: cp -rp /var/proxy/staging/nginx/* /etc/nginx
2025/07/02 16:35:57.126381 [INFO] Running command: systemctl show -p PartOf nginx.service
2025/07/02 16:35:57.143448 [INFO] Running command: systemctl daemon-reload
2025/07/02 16:35:57.417172 [INFO] Running command: systemctl reset-failed
2025/07/02 16:35:57.428016 [INFO] Running command: systemctl show -p PartOf nginx.service
2025/07/02 16:35:57.443624 [INFO] Running command: systemctl is-active nginx.service
2025/07/02 16:35:57.456040 [INFO] Running command: systemctl start nginx.service
2025/07/02 16:35:57.601242 [INFO] Executing instruction: configureSqsd
2025/07/02 16:35:57.601267 [INFO] This is a web server environment instance, skip configure sqsd daemon ...
2025/07/02 16:35:57.601271 [INFO] Executing instruction: startSqsd
2025/07/02 16:35:57.601274 [INFO] This is a web server environment instance, skip start sqsd daemon ...
2025/07/02 16:35:57.601285 [INFO] Executing instruction: Track pids in healthd
2025/07/02 16:35:57.601289 [INFO] This is an enhanced health env...
2025/07/02 16:35:57.601303 [INFO] Running command: systemctl show -p ConsistsOf aws-eb.target | cut -d= -f2
2025/07/02 16:35:57.612411 [INFO] healthd.service cfn-hup.service nginx.service

2025/07/02 16:35:57.612441 [INFO] Running command: systemctl show -p ConsistsOf eb-app.target | cut -d= -f2
2025/07/02 16:35:57.622792 [INFO] web.service

2025/07/02 16:35:57.623079 [INFO] Executing instruction: RunAppDeployPostDeployHooks
2025/07/02 16:35:57.623156 [INFO] Executing platform hooks in .platform/hooks/postdeploy/
2025/07/02 16:35:57.623170 [INFO] The dir .platform/hooks/postdeploy/ does not exist
2025/07/02 16:35:57.623172 [INFO] Finished running scripts in /var/app/current/.platform/hooks/postdeploy
2025/07/02 16:35:57.623177 [INFO] Executing cleanup logic
2025/07/02 16:35:57.623252 [INFO] CommandService Response: {"status":"SUCCESS","api_version":"1.0","results":[{"status":"SUCCESS","msg":"Engine execution has succeeded.","returncode":0,"events":[{"msg":"Instance deployment successfully generated a 'Procfile'.","timestamp":1751474153961,"severity":"INFO"},{"msg":"Instance deployment completed successfully.","timestamp":1751474157623,"severity":"INFO"}]}]}

2025/07/02 16:35:57.623399 [INFO] Platform Engine finished execution on command: app-deploy

2025/07/02 17:09:04.378832 [INFO] Starting...
2025/07/02 17:09:04.378888 [INFO] Starting EBPlatform-PlatformEngine
2025/07/02 17:09:04.378926 [INFO] reading event message file
2025/07/02 17:09:04.379278 [INFO] Engine received EB command cfn-hup-exec

2025/07/02 17:09:04.451841 [INFO] Running command: /opt/aws/bin/cfn-get-metadata -s arn:aws:cloudformation:us-east-1:767397907698:stack/awseb-e-5vpprm3imf-stack/5c146f60-5762-11f0-8a54-0e58862d53e7 -r AWSEBAutoScalingGroup --region us-east-1
2025/07/02 17:09:04.776267 [INFO] Running command: /opt/aws/bin/cfn-get-metadata -s arn:aws:cloudformation:us-east-1:767397907698:stack/awseb-e-5vpprm3imf-stack/5c146f60-5762-11f0-8a54-0e58862d53e7 -r AWSEBBeanstalkMetadata --region us-east-1
2025/07/02 17:09:05.099546 [INFO] checking whether command app-deploy is applicable to this instance...
2025/07/02 17:09:05.099559 [INFO] this command is applicable to the instance, thus instance should execute command
2025/07/02 17:09:05.099563 [INFO] Engine command: (app-deploy)

2025/07/02 17:09:05.099566 [INFO] Downloading EB Application...
2025/07/02 17:09:05.099569 [INFO] Region: us-east-1
2025/07/02 17:09:05.099571 [INFO] envID: e-5vpprm3imf
2025/07/02 17:09:05.099573 [INFO] envBucket: elasticbeanstalk-us-east-1-767397907698
2025/07/02 17:09:05.099575 [INFO] accountID: 767397907698
2025/07/02 17:09:05.099578 [INFO] Using manifest file name from command request
2025/07/02 17:09:05.099583 [INFO] Manifest name is : manifest_1751476122734
2025/07/02 17:09:05.099585 [INFO] Download app version manifest
2025/07/02 17:09:05.099763 [INFO] Downloading: bucket: elasticbeanstalk-us-east-1-767397907698, object: resources/environments/e-5vpprm3imf/_runtime/versions/manifest_1751476122734, expected bucket owner: 767397907698
2025/07/02 17:09:05.132759 [INFO] Download successful155bytes downloaded
2025/07/02 17:09:05.132882 [INFO] Trying to read and parse version manifest...
2025/07/02 17:09:05.132961 [INFO] Downloading: bucket: elasticbeanstalk-us-east-1-767397907698, object: resources/environments/e-5vpprm3imf/_runtime/_versions/studentperformance/code-pipeline-1751476116041-bbe65703f22642e30fe749d8801b8e8b502c9221, expected bucket owner: 767397907698
2025/07/02 17:09:05.180969 [INFO] Download successful1731944bytes downloaded
2025/07/02 17:09:05.181413 [INFO] Executing instruction: ElectLeader
2025/07/02 17:09:05.181419 [INFO] Running leader election for instance i-03311ff47c39ee68b...
2025/07/02 17:09:05.181422 [INFO] Calling the cfn-elect-cmd-leader to elect the command leader.
2025/07/02 17:09:05.181582 [INFO] Running command: /opt/aws/bin/cfn-elect-cmd-leader --stack arn:aws:cloudformation:us-east-1:767397907698:stack/awseb-e-5vpprm3imf-stack/5c146f60-5762-11f0-8a54-0e58862d53e7 --command-name ElasticBeanstalkCommand-AWSEBAutoScalingGroup --invocation-id 0cb34d0e-9724-4fbe-b9a7-105dd5ee554f --listener-id i-03311ff47c39ee68b --region us-east-1
2025/07/02 17:09:05.484026 [INFO] Instance is Leader.
2025/07/02 17:09:05.484072 [INFO] Executing instruction: stopSqsd
2025/07/02 17:09:05.484077 [INFO] This is a web server environment instance, skip stop sqsd daemon ...
2025/07/02 17:09:05.484079 [INFO] Executing instruction: PreBuildEbExtension
2025/07/02 17:09:05.484082 [INFO] Starting executing the config set Infra-EmbeddedPreBuild.
2025/07/02 17:09:05.484093 [INFO] Running command: /opt/aws/bin/cfn-init -s arn:aws:cloudformation:us-east-1:767397907698:stack/awseb-e-5vpprm3imf-stack/5c146f60-5762-11f0-8a54-0e58862d53e7 -r AWSEBAutoScalingGroup --region us-east-1 --configsets Infra-EmbeddedPreBuild
2025/07/02 17:09:05.801946 [INFO] Finished executing the config set Infra-EmbeddedPreBuild.

2025/07/02 17:09:05.801987 [INFO] Executing instruction: StageApplication
2025/07/02 17:09:05.801990 [INFO] Recreating /var/app/staging/
2025/07/02 17:09:05.802088 [INFO] extracting /opt/elasticbeanstalk/deployment/app_source_bundle to /var/app/staging/
2025/07/02 17:09:05.802098 [INFO] Running command: /usr/bin/unzip -q -o /opt/elasticbeanstalk/deployment/app_source_bundle -d /var/app/staging/
2025/07/02 17:09:05.830875 [INFO] finished extracting /opt/elasticbeanstalk/deployment/app_source_bundle to /var/app/staging/ successfully
2025/07/02 17:09:05.831929 [INFO] Executing instruction: RunAppDeployPreBuildHooks
2025/07/02 17:09:05.831951 [INFO] Executing platform hooks in .platform/hooks/prebuild/
2025/07/02 17:09:05.831968 [INFO] The dir .platform/hooks/prebuild/ does not exist
2025/07/02 17:09:05.831970 [INFO] Finished running scripts in /var/app/staging/.platform/hooks/prebuild
2025/07/02 17:09:05.831975 [INFO] Executing instruction: InstallDependency
2025/07/02 17:09:05.831979 [INFO] checking dependencies file
2025/07/02 17:09:05.831992 [INFO] Installing dependencies with requirements.txt by using Pip
2025/07/02 17:09:05.832001 [INFO] Running command: /var/app/venv/staging-LQM1lest/bin/pip install -r requirements.txt
2025/07/02 17:09:10.666211 [INFO] Collecting pandas
  Downloading pandas-2.3.0-cp311-cp311-manylinux_2_17_x86_64.manylinux2014_x86_64.whl (12.4 MB)
     ━━━━━━━━━━━━━━━━━━━━━━━━━━━━━━━━━━━━━━━ 12.4/12.4 MB 118.9 MB/s eta 0:00:00
Collecting numpy
  Downloading numpy-2.3.1-cp311-cp311-manylinux_2_28_x86_64.whl (16.9 MB)
     ━━━━━━━━━━━━━━━━━━━━━━━━━━━━━━━━━━━━━━━━ 16.9/16.9 MB 97.9 MB/s eta 0:00:00
Collecting seaborn
  Downloading seaborn-0.13.2-py3-none-any.whl (294 kB)
     ━━━━━━━━━━━━━━━━━━━━━━━━━━━━━━━━━━━━━━ 294.9/294.9 kB 66.3 MB/s eta 0:00:00
Collecting ipykernel
  Downloading ipykernel-6.29.5-py3-none-any.whl (117 kB)
     ━━━━━━━━━━━━━━━━━━━━━━━━━━━━━━━━━━━━━━ 117.2/117.2 kB 36.6 MB/s eta 0:00:00
Collecting scikit-learn
  Downloading scikit_learn-1.7.0-cp311-cp311-manylinux_2_17_x86_64.manylinux2014_x86_64.whl (12.9 MB)
     ━━━━━━━━━━━━━━━━━━━━━━━━━━━━━━━━━━━━━━━ 12.9/12.9 MB 116.8 MB/s eta 0:00:00
Collecting catboost
  Downloading catboost-1.2.8-cp311-cp311-manylinux2014_x86_64.whl (99.2 MB)
     ━━━━━━━━━━━━━━━━━━━━━━━━━━━━━━━━━━━━━━━━ 99.2/99.2 MB 24.4 MB/s eta 0:00:00
Collecting xgboost
  Downloading xgboost-3.0.2-py3-none-manylinux_2_28_x86_64.whl (253.9 MB)
     ━━━━━━━━━━━━━━━━━━━━━╸                149.7/253.9 MB 196.2 MB/s eta 0:00:01

2025/07/02 17:09:10.667160 [INFO] ERROR: Could not install packages due to an OSError: [Errno 28] No space left on device

WARNING: There was an error checking the latest version of pip.

2025/07/02 17:09:10.667924 [ERROR] An error occurred during execution of command [app-deploy] - [InstallDependency]. Stop running the command. Error: fail to install dependencies with requirements.txt file with error Command /var/app/venv/staging-LQM1lest/bin/pip install -r requirements.txt failed with error exit status 1. Stderr:ERROR: Could not install packages due to an OSError: [Errno 28] No space left on device

WARNING: There was an error checking the latest version of pip.
 

2025/07/02 17:09:10.667933 [INFO] Executing cleanup logic
2025/07/02 17:09:10.673357 [INFO] CommandService Response: {"status":"FAILURE","api_version":"1.0","results":[{"status":"FAILURE","msg":"Engine execution has encountered an error.","returncode":1,"events":[{"msg":"Instance deployment failed to install application dependencies. The deployment failed.","timestamp":1751476150667,"severity":"ERROR"},{"msg":"Instance deployment failed. For details, see 'eb-engine.log'.","timestamp":1751476150667,"severity":"ERROR"}]}]}

2025/07/02 17:09:10.675502 [INFO] Platform Engine finished execution on command: app-deploy

2025/07/02 17:30:27.336524 [INFO] Starting...
2025/07/02 17:30:27.336574 [INFO] Starting EBPlatform-PlatformEngine
2025/07/02 17:30:27.337129 [INFO] reading event message file
2025/07/02 17:30:27.347294 [INFO] Engine received EB command cfn-hup-exec

2025/07/02 17:30:27.499067 [INFO] Running command: /opt/aws/bin/cfn-get-metadata -s arn:aws:cloudformation:us-east-1:767397907698:stack/awseb-e-5vpprm3imf-stack/5c146f60-5762-11f0-8a54-0e58862d53e7 -r AWSEBAutoScalingGroup --region us-east-1
2025/07/02 17:30:28.146446 [INFO] Running command: /opt/aws/bin/cfn-get-metadata -s arn:aws:cloudformation:us-east-1:767397907698:stack/awseb-e-5vpprm3imf-stack/5c146f60-5762-11f0-8a54-0e58862d53e7 -r AWSEBBeanstalkMetadata --region us-east-1
2025/07/02 17:30:28.461067 [INFO] checking whether command app-deploy is applicable to this instance...
2025/07/02 17:30:28.461085 [INFO] this command is applicable to the instance, thus instance should execute command
2025/07/02 17:30:28.461088 [INFO] Engine command: (app-deploy)

2025/07/02 17:30:28.461092 [INFO] Downloading EB Application...
2025/07/02 17:30:28.461095 [INFO] Region: us-east-1
2025/07/02 17:30:28.461097 [INFO] envID: e-5vpprm3imf
2025/07/02 17:30:28.461099 [INFO] envBucket: elasticbeanstalk-us-east-1-767397907698
2025/07/02 17:30:28.461102 [INFO] accountID: 767397907698
2025/07/02 17:30:28.461104 [INFO] Using manifest file name from command request
2025/07/02 17:30:28.461115 [INFO] Manifest name is : manifest_1751477405663
2025/07/02 17:30:28.461117 [INFO] Download app version manifest
2025/07/02 17:30:28.462939 [INFO] Downloading: bucket: elasticbeanstalk-us-east-1-767397907698, object: resources/environments/e-5vpprm3imf/_runtime/versions/manifest_1751477405663, expected bucket owner: 767397907698
2025/07/02 17:30:28.533774 [INFO] Download successful155bytes downloaded
2025/07/02 17:30:28.533979 [INFO] Trying to read and parse version manifest...
2025/07/02 17:30:28.534115 [INFO] Downloading: bucket: elasticbeanstalk-us-east-1-767397907698, object: resources/environments/e-5vpprm3imf/_runtime/_versions/studentperformance/code-pipeline-1751477398679-7b67b2e1b345a87b2a3465f6a2fb109e336c7f50, expected bucket owner: 767397907698
2025/07/02 17:30:28.588990 [INFO] Download successful1711160bytes downloaded
2025/07/02 17:30:28.594000 [INFO] Executing instruction: ElectLeader
2025/07/02 17:30:28.594010 [INFO] Running leader election for instance i-03311ff47c39ee68b...
2025/07/02 17:30:28.594013 [INFO] Calling the cfn-elect-cmd-leader to elect the command leader.
2025/07/02 17:30:28.594026 [INFO] Running command: /opt/aws/bin/cfn-elect-cmd-leader --stack arn:aws:cloudformation:us-east-1:767397907698:stack/awseb-e-5vpprm3imf-stack/5c146f60-5762-11f0-8a54-0e58862d53e7 --command-name ElasticBeanstalkCommand-AWSEBAutoScalingGroup --invocation-id fca0990f-4ba0-4552-9e6e-c3a5f32cd33a --listener-id i-03311ff47c39ee68b --region us-east-1
2025/07/02 17:30:28.897026 [INFO] Instance is Leader.
2025/07/02 17:30:28.897091 [INFO] Executing instruction: stopSqsd
2025/07/02 17:30:28.897097 [INFO] This is a web server environment instance, skip stop sqsd daemon ...
2025/07/02 17:30:28.897101 [INFO] Executing instruction: PreBuildEbExtension
2025/07/02 17:30:28.897104 [INFO] Starting executing the config set Infra-EmbeddedPreBuild.
2025/07/02 17:30:28.897120 [INFO] Running command: /opt/aws/bin/cfn-init -s arn:aws:cloudformation:us-east-1:767397907698:stack/awseb-e-5vpprm3imf-stack/5c146f60-5762-11f0-8a54-0e58862d53e7 -r AWSEBAutoScalingGroup --region us-east-1 --configsets Infra-EmbeddedPreBuild
2025/07/02 17:30:29.243837 [INFO] Finished executing the config set Infra-EmbeddedPreBuild.

2025/07/02 17:30:29.243864 [INFO] Executing instruction: StageApplication
2025/07/02 17:30:29.243869 [INFO] Recreating /var/app/staging/
2025/07/02 17:30:29.246946 [INFO] extracting /opt/elasticbeanstalk/deployment/app_source_bundle to /var/app/staging/
2025/07/02 17:30:29.246989 [INFO] Running command: /usr/bin/unzip -q -o /opt/elasticbeanstalk/deployment/app_source_bundle -d /var/app/staging/
2025/07/02 17:30:29.283222 [INFO] finished extracting /opt/elasticbeanstalk/deployment/app_source_bundle to /var/app/staging/ successfully
2025/07/02 17:30:29.284352 [INFO] Executing instruction: RunAppDeployPreBuildHooks
2025/07/02 17:30:29.284400 [INFO] Executing platform hooks in .platform/hooks/prebuild/
2025/07/02 17:30:29.284415 [INFO] The dir .platform/hooks/prebuild/ does not exist
2025/07/02 17:30:29.284418 [INFO] Finished running scripts in /var/app/staging/.platform/hooks/prebuild
2025/07/02 17:30:29.284422 [INFO] Executing instruction: InstallDependency
2025/07/02 17:30:29.284428 [INFO] checking dependencies file
2025/07/02 17:30:29.284446 [INFO] Installing dependencies with requirements.txt by using Pip
2025/07/02 17:30:29.284457 [INFO] Running command: /var/app/venv/staging-LQM1lest/bin/pip install -r requirements.txt
2025/07/02 17:30:30.580582 [INFO] Obtaining file:///var/app/staging (from -r requirements.txt (line 3))

2025/07/02 17:30:30.580608 [INFO] ERROR: The editable requirement file:///var/app/staging (from -r requirements.txt (line 3)) cannot be installed when requiring hashes, because there is no single file to hash.

[notice] A new release of pip available: 22.3.1 -> 25.1.1
[notice] To update, run: python3.11 -m pip install --upgrade pip

2025/07/02 17:30:30.580622 [ERROR] An error occurred during execution of command [app-deploy] - [InstallDependency]. Stop running the command. Error: fail to install dependencies with requirements.txt file with error Command /var/app/venv/staging-LQM1lest/bin/pip install -r requirements.txt failed with error exit status 1. Stderr:ERROR: The editable requirement file:///var/app/staging (from -r requirements.txt (line 3)) cannot be installed when requiring hashes, because there is no single file to hash.

[notice] A new release of pip available: 22.3.1 -> 25.1.1
[notice] To update, run: python3.11 -m pip install --upgrade pip
 

2025/07/02 17:30:30.580627 [INFO] Executing cleanup logic
2025/07/02 17:30:30.580722 [INFO] CommandService Response: {"status":"FAILURE","api_version":"1.0","results":[{"status":"FAILURE","msg":"Engine execution has encountered an error.","returncode":1,"events":[{"msg":"Instance deployment failed to install application dependencies. The deployment failed.","timestamp":1751477430580,"severity":"ERROR"},{"msg":"Instance deployment failed. For details, see 'eb-engine.log'.","timestamp":1751477430580,"severity":"ERROR"}]}]}

2025/07/02 17:30:30.583554 [INFO] Platform Engine finished execution on command: app-deploy

2025/07/02 17:36:36.593105 [INFO] Starting...
2025/07/02 17:36:36.593153 [INFO] Starting EBPlatform-PlatformEngine
2025/07/02 17:36:36.593186 [INFO] reading event message file
2025/07/02 17:36:36.593626 [INFO] Engine received EB command cfn-hup-exec

2025/07/02 17:36:36.654430 [INFO] Running command: /opt/aws/bin/cfn-get-metadata -s arn:aws:cloudformation:us-east-1:767397907698:stack/awseb-e-5vpprm3imf-stack/5c146f60-5762-11f0-8a54-0e58862d53e7 -r AWSEBAutoScalingGroup --region us-east-1
2025/07/02 17:36:36.969673 [INFO] Running command: /opt/aws/bin/cfn-get-metadata -s arn:aws:cloudformation:us-east-1:767397907698:stack/awseb-e-5vpprm3imf-stack/5c146f60-5762-11f0-8a54-0e58862d53e7 -r AWSEBBeanstalkMetadata --region us-east-1
2025/07/02 17:36:37.271236 [INFO] checking whether command app-deploy is applicable to this instance...
2025/07/02 17:36:37.271249 [INFO] this command is applicable to the instance, thus instance should execute command
2025/07/02 17:36:37.271252 [INFO] Engine command: (app-deploy)

2025/07/02 17:36:37.271257 [INFO] Downloading EB Application...
2025/07/02 17:36:37.271260 [INFO] Region: us-east-1
2025/07/02 17:36:37.271263 [INFO] envID: e-5vpprm3imf
2025/07/02 17:36:37.271267 [INFO] envBucket: elasticbeanstalk-us-east-1-767397907698
2025/07/02 17:36:37.271270 [INFO] accountID: 767397907698
2025/07/02 17:36:37.271273 [INFO] Using manifest file name from command request
2025/07/02 17:36:37.271279 [INFO] Manifest name is : manifest_1751477775454
2025/07/02 17:36:37.271282 [INFO] Download app version manifest
2025/07/02 17:36:37.271476 [INFO] Downloading: bucket: elasticbeanstalk-us-east-1-767397907698, object: resources/environments/e-5vpprm3imf/_runtime/versions/manifest_1751477775454, expected bucket owner: 767397907698
2025/07/02 17:36:37.306244 [INFO] Download successful155bytes downloaded
2025/07/02 17:36:37.306372 [INFO] Trying to read and parse version manifest...
2025/07/02 17:36:37.306558 [INFO] Downloading: bucket: elasticbeanstalk-us-east-1-767397907698, object: resources/environments/e-5vpprm3imf/_runtime/_versions/studentperformance/code-pipeline-1751477768795-fce64e6f27fc4280582e08ee8c46b1329f7b44af, expected bucket owner: 767397907698
2025/07/02 17:36:37.350476 [INFO] Download successful1698664bytes downloaded
2025/07/02 17:36:37.350947 [INFO] Executing instruction: ElectLeader
2025/07/02 17:36:37.350955 [INFO] Running leader election for instance i-03311ff47c39ee68b...
2025/07/02 17:36:37.350958 [INFO] Calling the cfn-elect-cmd-leader to elect the command leader.
2025/07/02 17:36:37.350968 [INFO] Running command: /opt/aws/bin/cfn-elect-cmd-leader --stack arn:aws:cloudformation:us-east-1:767397907698:stack/awseb-e-5vpprm3imf-stack/5c146f60-5762-11f0-8a54-0e58862d53e7 --command-name ElasticBeanstalkCommand-AWSEBAutoScalingGroup --invocation-id c468ecbd-452c-49d3-b507-4e5554139b14 --listener-id i-03311ff47c39ee68b --region us-east-1
2025/07/02 17:36:37.663445 [INFO] Instance is Leader.
2025/07/02 17:36:37.663494 [INFO] Executing instruction: stopSqsd
2025/07/02 17:36:37.663500 [INFO] This is a web server environment instance, skip stop sqsd daemon ...
2025/07/02 17:36:37.663504 [INFO] Executing instruction: PreBuildEbExtension
2025/07/02 17:36:37.663508 [INFO] Starting executing the config set Infra-EmbeddedPreBuild.
2025/07/02 17:36:37.663522 [INFO] Running command: /opt/aws/bin/cfn-init -s arn:aws:cloudformation:us-east-1:767397907698:stack/awseb-e-5vpprm3imf-stack/5c146f60-5762-11f0-8a54-0e58862d53e7 -r AWSEBAutoScalingGroup --region us-east-1 --configsets Infra-EmbeddedPreBuild
2025/07/02 17:36:37.978494 [INFO] Finished executing the config set Infra-EmbeddedPreBuild.

2025/07/02 17:36:37.978518 [INFO] Executing instruction: StageApplication
2025/07/02 17:36:37.978521 [INFO] Recreating /var/app/staging/
2025/07/02 17:36:37.979786 [INFO] extracting /opt/elasticbeanstalk/deployment/app_source_bundle to /var/app/staging/
2025/07/02 17:36:37.979803 [INFO] Running command: /usr/bin/unzip -q -o /opt/elasticbeanstalk/deployment/app_source_bundle -d /var/app/staging/
2025/07/02 17:36:38.008207 [INFO] finished extracting /opt/elasticbeanstalk/deployment/app_source_bundle to /var/app/staging/ successfully
2025/07/02 17:36:38.009426 [INFO] Executing instruction: RunAppDeployPreBuildHooks
2025/07/02 17:36:38.009589 [INFO] Executing platform hooks in .platform/hooks/prebuild/
2025/07/02 17:36:38.009611 [INFO] The dir .platform/hooks/prebuild/ does not exist
2025/07/02 17:36:38.009619 [INFO] Finished running scripts in /var/app/staging/.platform/hooks/prebuild
2025/07/02 17:36:38.009625 [INFO] Executing instruction: InstallDependency
2025/07/02 17:36:38.009629 [INFO] checking dependencies file
2025/07/02 17:36:38.009642 [INFO] Installing dependencies with requirements.txt by using Pip
2025/07/02 17:36:38.009652 [INFO] Running command: /var/app/venv/staging-LQM1lest/bin/pip install -r requirements.txt
2025/07/02 17:36:38.447546 [INFO] ERROR: Invalid requirement: 'cat > requirements.txt << EOF' (from line 1 of requirements.txt)

[notice] A new release of pip available: 22.3.1 -> 25.1.1
[notice] To update, run: python3.11 -m pip install --upgrade pip

2025/07/02 17:36:38.447584 [ERROR] An error occurred during execution of command [app-deploy] - [InstallDependency]. Stop running the command. Error: fail to install dependencies with requirements.txt file with error Command /var/app/venv/staging-LQM1lest/bin/pip install -r requirements.txt failed with error exit status 1. Stderr:ERROR: Invalid requirement: 'cat > requirements.txt << EOF' (from line 1 of requirements.txt)

[notice] A new release of pip available: 22.3.1 -> 25.1.1
[notice] To update, run: python3.11 -m pip install --upgrade pip
 

2025/07/02 17:36:38.447589 [INFO] Executing cleanup logic
2025/07/02 17:36:38.447666 [INFO] CommandService Response: {"status":"FAILURE","api_version":"1.0","results":[{"status":"FAILURE","msg":"Engine execution has encountered an error.","returncode":1,"events":[{"msg":"Instance deployment failed to install application dependencies. The deployment failed.","timestamp":1751477798447,"severity":"ERROR"},{"msg":"Instance deployment failed. For details, see 'eb-engine.log'.","timestamp":1751477798447,"severity":"ERROR"}]}]}

2025/07/02 17:36:38.448819 [INFO] Platform Engine finished execution on command: app-deploy

2025/07/02 17:41:31.511325 [INFO] Starting...
2025/07/02 17:41:31.511378 [INFO] Starting EBPlatform-PlatformEngine
2025/07/02 17:41:31.511425 [INFO] reading event message file
2025/07/02 17:41:31.511767 [INFO] Engine received EB command cfn-hup-exec

2025/07/02 17:41:31.584304 [INFO] Running command: /opt/aws/bin/cfn-get-metadata -s arn:aws:cloudformation:us-east-1:767397907698:stack/awseb-e-5vpprm3imf-stack/5c146f60-5762-11f0-8a54-0e58862d53e7 -r AWSEBAutoScalingGroup --region us-east-1
2025/07/02 17:41:31.903147 [INFO] Running command: /opt/aws/bin/cfn-get-metadata -s arn:aws:cloudformation:us-east-1:767397907698:stack/awseb-e-5vpprm3imf-stack/5c146f60-5762-11f0-8a54-0e58862d53e7 -r AWSEBBeanstalkMetadata --region us-east-1
2025/07/02 17:41:32.204081 [INFO] checking whether command app-deploy is applicable to this instance...
2025/07/02 17:41:32.204098 [INFO] this command is applicable to the instance, thus instance should execute command
2025/07/02 17:41:32.204102 [INFO] Engine command: (app-deploy)

2025/07/02 17:41:32.204106 [INFO] Downloading EB Application...
2025/07/02 17:41:32.204108 [INFO] Region: us-east-1
2025/07/02 17:41:32.204110 [INFO] envID: e-5vpprm3imf
2025/07/02 17:41:32.204112 [INFO] envBucket: elasticbeanstalk-us-east-1-767397907698
2025/07/02 17:41:32.204114 [INFO] accountID: 767397907698
2025/07/02 17:41:32.204116 [INFO] Using manifest file name from command request
2025/07/02 17:41:32.204122 [INFO] Manifest name is : manifest_1751478069760
2025/07/02 17:41:32.204124 [INFO] Download app version manifest
2025/07/02 17:41:32.204304 [INFO] Downloading: bucket: elasticbeanstalk-us-east-1-767397907698, object: resources/environments/e-5vpprm3imf/_runtime/versions/manifest_1751478069760, expected bucket owner: 767397907698
2025/07/02 17:41:32.246367 [INFO] Download successful155bytes downloaded
2025/07/02 17:41:32.246495 [INFO] Trying to read and parse version manifest...
2025/07/02 17:41:32.246677 [INFO] Downloading: bucket: elasticbeanstalk-us-east-1-767397907698, object: resources/environments/e-5vpprm3imf/_runtime/_versions/studentperformance/code-pipeline-1751478062916-de4b0ed59ace48d555e52efb725c529937973552, expected bucket owner: 767397907698
2025/07/02 17:41:32.294223 [INFO] Download successful1698633bytes downloaded
2025/07/02 17:41:32.294662 [INFO] Executing instruction: ElectLeader
2025/07/02 17:41:32.294668 [INFO] Running leader election for instance i-03311ff47c39ee68b...
2025/07/02 17:41:32.294671 [INFO] Calling the cfn-elect-cmd-leader to elect the command leader.
2025/07/02 17:41:32.294680 [INFO] Running command: /opt/aws/bin/cfn-elect-cmd-leader --stack arn:aws:cloudformation:us-east-1:767397907698:stack/awseb-e-5vpprm3imf-stack/5c146f60-5762-11f0-8a54-0e58862d53e7 --command-name ElasticBeanstalkCommand-AWSEBAutoScalingGroup --invocation-id f23bd679-252e-47a8-a457-8493699d3bc0 --listener-id i-03311ff47c39ee68b --region us-east-1
2025/07/02 17:41:32.606285 [INFO] Instance is Leader.
2025/07/02 17:41:32.606373 [INFO] Executing instruction: stopSqsd
2025/07/02 17:41:32.606378 [INFO] This is a web server environment instance, skip stop sqsd daemon ...
2025/07/02 17:41:32.606381 [INFO] Executing instruction: PreBuildEbExtension
2025/07/02 17:41:32.606384 [INFO] Starting executing the config set Infra-EmbeddedPreBuild.
2025/07/02 17:41:32.606395 [INFO] Running command: /opt/aws/bin/cfn-init -s arn:aws:cloudformation:us-east-1:767397907698:stack/awseb-e-5vpprm3imf-stack/5c146f60-5762-11f0-8a54-0e58862d53e7 -r AWSEBAutoScalingGroup --region us-east-1 --configsets Infra-EmbeddedPreBuild
2025/07/02 17:41:32.923731 [INFO] Finished executing the config set Infra-EmbeddedPreBuild.

2025/07/02 17:41:32.923759 [INFO] Executing instruction: StageApplication
2025/07/02 17:41:32.923763 [INFO] Recreating /var/app/staging/
2025/07/02 17:41:32.925088 [INFO] extracting /opt/elasticbeanstalk/deployment/app_source_bundle to /var/app/staging/
2025/07/02 17:41:32.925105 [INFO] Running command: /usr/bin/unzip -q -o /opt/elasticbeanstalk/deployment/app_source_bundle -d /var/app/staging/
2025/07/02 17:41:32.954040 [INFO] finished extracting /opt/elasticbeanstalk/deployment/app_source_bundle to /var/app/staging/ successfully
2025/07/02 17:41:32.955325 [INFO] Executing instruction: RunAppDeployPreBuildHooks
2025/07/02 17:41:32.955351 [INFO] Executing platform hooks in .platform/hooks/prebuild/
2025/07/02 17:41:32.955370 [INFO] The dir .platform/hooks/prebuild/ does not exist
2025/07/02 17:41:32.955373 [INFO] Finished running scripts in /var/app/staging/.platform/hooks/prebuild
2025/07/02 17:41:32.955378 [INFO] Executing instruction: InstallDependency
2025/07/02 17:41:32.955382 [INFO] checking dependencies file
2025/07/02 17:41:32.955393 [INFO] Installing dependencies with requirements.txt by using Pip
2025/07/02 17:41:32.955403 [INFO] Running command: /var/app/venv/staging-LQM1lest/bin/pip install -r requirements.txt
2025/07/02 17:42:31.346133 [INFO] Starting...
2025/07/02 17:42:31.346704 [INFO] Starting EBPlatform-PlatformEngine
2025/07/02 17:42:31.347666 [INFO] reading event message file
2025/07/02 17:42:31.363893 [INFO] Engine received EB command cfn-hup-exec

2025/07/02 17:42:31.545884 [INFO] Running command: /opt/aws/bin/cfn-get-metadata -s arn:aws:cloudformation:us-east-1:767397907698:stack/awseb-e-5vpprm3imf-stack/5c146f60-5762-11f0-8a54-0e58862d53e7 -r AWSEBAutoScalingGroup --region us-east-1
2025/07/02 17:42:31.858885 [INFO] Running command: /opt/aws/bin/cfn-get-metadata -s arn:aws:cloudformation:us-east-1:767397907698:stack/awseb-e-5vpprm3imf-stack/5c146f60-5762-11f0-8a54-0e58862d53e7 -r AWSEBBeanstalkMetadata --region us-east-1
2025/07/02 17:42:32.157079 [INFO] checking whether command bundle-log is applicable to this instance...
2025/07/02 17:42:32.157096 [INFO] this command is applicable to the instance, thus instance should execute command
2025/07/02 17:42:32.157099 [INFO] Engine command: (bundle-log)

2025/07/02 17:42:32.158711 [INFO] Executing instruction: GetBundleLogs
2025/07/02 17:42:32.158730 [INFO] Bundle Logs...
